Start testing: May 04 10:41 -05
----------------------------------------------------------
1/2 Testing: UnitTest.TestPass1
1/2 Test: UnitTest.TestPass1
Command: "/home/coink/Documents/Oink-Validator-NV10-main/NV10/Testing/Unitest_StConnect/build/UnitTest_StConnect" "--gtest_filter=UnitTest.TestPass1" "--gtest_also_run_disabled_tests"
Directory: /home/coink/Documents/Oink-Validator-NV10-main/NV10/Testing/Unitest_StConnect/build
"UnitTest.TestPass1" start time: May 04 10:41 -05
Output:
----------------------------------------------------------
Running main() from /home/coink/Documents/Oink-Validator-NV10-main/NV10/Testing/Unitest_StConnect/build/_deps/googletest-src/googletest/src/gtest_main.cc
Note: Google Test filter = UnitTest.TestPass1
[==========] Running 1 test from 1 test suite.
[----------] Global test environment set-up.
[----------] 1 test from UnitTest
[ RUN      ] UnitTest.TestPass1
[       OK ] UnitTest.TestPass1 (303 ms)
[----------] 1 test from UnitTest (303 ms total)

[----------] Global test environment tear-down
[==========] 1 test from 1 test suite ran. (303 ms total)
[  PASSED  ] 1 test.
<end of output>
Test time =   0.32 sec
----------------------------------------------------------
Test Passed.
"UnitTest.TestPass1" end time: May 04 10:41 -05
"UnitTest.TestPass1" time elapsed: 00:00:00
----------------------------------------------------------

2/2 Testing: UnitTest.TestFail1
2/2 Test: UnitTest.TestFail1
Command: "/home/coink/Documents/Oink-Validator-NV10-main/NV10/Testing/Unitest_StConnect/build/UnitTest_StConnect" "--gtest_filter=UnitTest.TestFail1" "--gtest_also_run_disabled_tests"
Directory: /home/coink/Documents/Oink-Validator-NV10-main/NV10/Testing/Unitest_StConnect/build
"UnitTest.TestFail1" start time: May 04 10:41 -05
Output:
----------------------------------------------------------
Running main() from /home/coink/Documents/Oink-Validator-NV10-main/NV10/Testing/Unitest_StConnect/build/_deps/googletest-src/googletest/src/gtest_main.cc
Note: Google Test filter = UnitTest.TestFail1
[==========] Running 1 test from 1 test suite.
[----------] Global test environment set-up.
[----------] 1 test from UnitTest
[ RUN      ] UnitTest.TestFail1
/home/coink/Documents/Oink-Validator-NV10-main/NV10/Testing/Unitest_StConnect/UnitTest_StConnect.cpp:31: Failure
Expected equality of these values:
  TestFunctionFail1()
    Which is: 0
  1
[  FAILED  ] UnitTest.TestFail1 (304 ms)
[----------] 1 test from UnitTest (304 ms total)

[----------] Global test environment tear-down
[==========] 1 test from 1 test suite ran. (304 ms total)
[  PASSED  ] 0 tests.
[  FAILED  ] 1 test, listed below:
[  FAILED  ] UnitTest.TestFail1

 1 FAILED TEST
<end of output>
Test time =   0.32 sec
----------------------------------------------------------
Test Failed.
"UnitTest.TestFail1" end time: May 04 10:41 -05
"UnitTest.TestFail1" time elapsed: 00:00:00
----------------------------------------------------------

End testing: May 04 10:41 -05
