Start testing: May 05 08:47 -05
----------------------------------------------------------
1/2 Testing: UnitTest.TestPass1
1/2 Test: UnitTest.TestPass1
Command: "/home/coink/Documents/Oink-Validator-NV10-main/NV10/Testing/Unitest_HandleChannel/build/UnitTest_HandleChannel" "--gtest_filter=UnitTest.TestPass1" "--gtest_also_run_disabled_tests"
Directory: /home/coink/Documents/Oink-Validator-NV10-main/NV10/Testing/Unitest_HandleChannel/build
"UnitTest.TestPass1" start time: May 05 08:47 -05
Output:
----------------------------------------------------------
Running main() from /home/coink/Documents/Oink-Validator-NV10-main/NV10/Testing/Unitest_HandleChannel/build/_deps/googletest-src/googletest/src/gtest_main.cc
Note: Google Test filter = UnitTest.TestPass1
[==========] Running 1 test from 1 test suite.
[----------] Global test environment set-up.
[----------] 1 test from UnitTest
[ RUN      ] UnitTest.TestPass1
[       OK ] UnitTest.TestPass1 (102 ms)
[----------] 1 test from UnitTest (102 ms total)

[----------] Global test environment tear-down
[==========] 1 test from 1 test suite ran. (102 ms total)
[  PASSED  ] 1 test.
<end of output>
Test time =   0.12 sec
----------------------------------------------------------
Test Passed.
"UnitTest.TestPass1" end time: May 05 08:47 -05
"UnitTest.TestPass1" time elapsed: 00:00:00
----------------------------------------------------------

2/2 Testing: UnitTest.TestFail1
2/2 Test: UnitTest.TestFail1
Command: "/home/coink/Documents/Oink-Validator-NV10-main/NV10/Testing/Unitest_HandleChannel/build/UnitTest_HandleChannel" "--gtest_filter=UnitTest.TestFail1" "--gtest_also_run_disabled_tests"
Directory: /home/coink/Documents/Oink-Validator-NV10-main/NV10/Testing/Unitest_HandleChannel/build
"UnitTest.TestFail1" start time: May 05 08:47 -05
Output:
----------------------------------------------------------
Running main() from /home/coink/Documents/Oink-Validator-NV10-main/NV10/Testing/Unitest_HandleChannel/build/_deps/googletest-src/googletest/src/gtest_main.cc
Note: Google Test filter = UnitTest.TestFail1
[==========] Running 1 test from 1 test suite.
[----------] Global test environment set-up.
[----------] 1 test from UnitTest
[ RUN      ] UnitTest.TestFail1
[       OK ] UnitTest.TestFail1 (101 ms)
[----------] 1 test from UnitTest (101 ms total)

[----------] Global test environment tear-down
[==========] 1 test from 1 test suite ran. (101 ms total)
[  PASSED  ] 1 test.
<end of output>
Test time =   0.12 sec
----------------------------------------------------------
Test Passed.
"UnitTest.TestFail1" end time: May 05 08:47 -05
"UnitTest.TestFail1" time elapsed: 00:00:00
----------------------------------------------------------

End testing: May 05 08:47 -05
